This file contains any messages produced by compilers while
running configure, to aid debugging if configure makes a mistake.

It was created by Cilk Runtime configure 2.0, which was
generated by GNU Autoconf 2.69.  Invocation command line was

  $ ./configure --prefix=/mnt/cilk-plus-futures/interactive-cilk/../Tapir/src/build/ CC=/mnt/cilk-plus-futures/interactive-cilk/../Tapir/src/build//bin/clang CXX=/mnt/cilk-plus-futures/interactive-cilk/../Tapir/src/build//bin/clang++ CFLAGS=-g -O3 -flto  CXXFLAGS=-g -O3 -flto  AR_FLAGS=cru --plugin=/mnt/cilk-plus-futures/interactive-cilk/../Tapir/src/build//lib/LLVMgold.so RANLIB=/bin/true

## --------- ##
## Platform. ##
## --------- ##

hostname = 2cbfbd29d16e
uname -m = x86_64
uname -r = 4.15.0-54-generic
uname -s = Linux
uname -v = #58-Ubuntu SMP Mon Jun 24 10:55:24 UTC 2019

/usr/bin/uname -p = unknown
/bin/uname -X     = unknown

/bin/arch              = unknown
/usr/bin/arch -k       = unknown
/usr/convex/getsysinfo = unknown
/usr/bin/hostinfo      = unknown
/bin/machine           = unknown
/usr/bin/oslevel       = unknown
/bin/universe          = unknown

PATH: /usr/local/sbin
PATH: /usr/local/bin
PATH: /usr/sbin
PATH: /usr/bin
PATH: /sbin
PATH: /bin


## ----------- ##
## Core tests. ##
## ----------- ##

configure:2475: checking build system type
configure:2489: result: x86_64-pc-linux-gnu
configure:2509: checking host system type
configure:2522: result: x86_64-pc-linux-gnu
configure:2542: checking target system type
configure:2555: result: x86_64-pc-linux-gnu
configure:2600: checking for a BSD-compatible install
configure:2668: result: /usr/bin/install -c
configure:2679: checking whether build environment is sane
configure:2734: result: yes
configure:2885: checking for a thread-safe mkdir -p
configure:2924: result: /bin/mkdir -p
configure:2931: checking for gawk
configure:2961: result: no
configure:2931: checking for mawk
configure:2947: found /usr/bin/mawk
configure:2958: result: mawk
configure:2969: checking whether make sets $(MAKE)
configure:2991: result: yes
configure:3020: checking whether make supports nested variables
configure:3037: result: yes
configure:3156: checking whether to enable maintainer-specific portions of Makefiles
configure:3165: result: no
configure:3192: checking for style of include used by make
configure:3220: result: GNU
configure:3291: checking for gcc
configure:3318: result: /mnt/cilk-plus-futures/interactive-cilk/../Tapir/src/build//bin/clang
configure:3547: checking for C compiler version
configure:3556: /mnt/cilk-plus-futures/interactive-cilk/../Tapir/src/build//bin/clang --version >&5
clang version 5.0.0 (https://github.com/wsmoses/Tapir-Clang 94b8db88cc38969262505a8b2942fb69c8fbacde) (https://github.com/wsmoses/Tapir-LLVM.git ba2f0eda34108ab64e581f2740b4d06eecc50709)
Target: x86_64-unknown-linux-gnu
Thread model: posix
InstalledDir: /mnt/cilk-plus-futures/interactive-cilk/../Tapir/src/build//bin
configure:3567: $? = 0
configure:3556: /mnt/cilk-plus-futures/interactive-cilk/../Tapir/src/build//bin/clang -v >&5
clang version 5.0.0 (https://github.com/wsmoses/Tapir-Clang 94b8db88cc38969262505a8b2942fb69c8fbacde) (https://github.com/wsmoses/Tapir-LLVM.git ba2f0eda34108ab64e581f2740b4d06eecc50709)
Target: x86_64-unknown-linux-gnu
Thread model: posix
InstalledDir: /mnt/cilk-plus-futures/interactive-cilk/../Tapir/src/build//bin
Found candidate GCC installation: /usr/lib/gcc/x86_64-linux-gnu/5
Found candidate GCC installation: /usr/lib/gcc/x86_64-linux-gnu/5.4.0
Found candidate GCC installation: /usr/lib/gcc/x86_64-linux-gnu/6
Found candidate GCC installation: /usr/lib/gcc/x86_64-linux-gnu/6.0.0
Selected GCC installation: /usr/lib/gcc/x86_64-linux-gnu/5.4.0
Candidate multilib: .;@m64
... rest of stderr output deleted ...
configure:3567: $? = 0
configure:3556: /mnt/cilk-plus-futures/interactive-cilk/../Tapir/src/build//bin/clang -V >&5
clang-5.0: error: argument to '-V' is missing (expected 1 value)
clang-5.0: error: no input files
configure:3567: $? = 1
configure:3556: /mnt/cilk-plus-futures/interactive-cilk/../Tapir/src/build//bin/clang -qversion >&5
clang-5.0: error: unknown argument: '-qversion'
clang-5.0: error: no input files
configure:3567: $? = 1
configure:3587: checking whether the C compiler works
configure:3609: /mnt/cilk-plus-futures/interactive-cilk/../Tapir/src/build//bin/clang -g -O3 -flto    conftest.c  >&5
configure:3613: $? = 0
configure:3661: result: yes
configure:3664: checking for C compiler default output file name
configure:3666: result: a.out
configure:3672: checking for suffix of executables
configure:3679: /mnt/cilk-plus-futures/interactive-cilk/../Tapir/src/build//bin/clang -o conftest -g -O3 -flto    conftest.c  >&5
configure:3683: $? = 0
configure:3705: result: 
configure:3727: checking whether we are cross compiling
configure:3735: /mnt/cilk-plus-futures/interactive-cilk/../Tapir/src/build//bin/clang -o conftest -g -O3 -flto    conftest.c  >&5
configure:3739: $? = 0
configure:3746: ./conftest
configure:3750: $? = 0
configure:3765: result: no
configure:3770: checking for suffix of object files
configure:3792: /mnt/cilk-plus-futures/interactive-cilk/../Tapir/src/build//bin/clang -c -g -O3 -flto   conftest.c >&5
configure:3796: $? = 0
configure:3817: result: o
configure:3821: checking whether we are using the GNU C compiler
configure:3840: /mnt/cilk-plus-futures/interactive-cilk/../Tapir/src/build//bin/clang -c -g -O3 -flto   conftest.c >&5
configure:3840: $? = 0
configure:3849: result: yes
configure:3858: checking whether /mnt/cilk-plus-futures/interactive-cilk/../Tapir/src/build//bin/clang accepts -g
configure:3878: /mnt/cilk-plus-futures/interactive-cilk/../Tapir/src/build//bin/clang -c -g  conftest.c >&5
configure:3878: $? = 0
configure:3919: result: yes
configure:3936: checking for /mnt/cilk-plus-futures/interactive-cilk/../Tapir/src/build//bin/clang option to accept ISO C89
configure:3999: /mnt/cilk-plus-futures/interactive-cilk/../Tapir/src/build//bin/clang  -c -g -O3 -flto   conftest.c >&5
configure:3999: $? = 0
configure:4012: result: none needed
configure:4037: checking whether /mnt/cilk-plus-futures/interactive-cilk/../Tapir/src/build//bin/clang understands -c and -o together
configure:4059: /mnt/cilk-plus-futures/interactive-cilk/../Tapir/src/build//bin/clang -c conftest.c -o conftest2.o
configure:4062: $? = 0
configure:4059: /mnt/cilk-plus-futures/interactive-cilk/../Tapir/src/build//bin/clang -c conftest.c -o conftest2.o
configure:4062: $? = 0
configure:4074: result: yes
configure:4093: checking dependency style of /mnt/cilk-plus-futures/interactive-cilk/../Tapir/src/build//bin/clang
configure:4204: result: gcc3
configure:4225: checking how to run the C preprocessor
configure:4256: /mnt/cilk-plus-futures/interactive-cilk/../Tapir/src/build//bin/clang -E  conftest.c
configure:4256: $? = 0
configure:4270: /mnt/cilk-plus-futures/interactive-cilk/../Tapir/src/build//bin/clang -E  conftest.c
conftest.c:9:10: fatal error: 'ac_nonexistent.h' file not found
#include <ac_nonexistent.h>
         ^~~~~~~~~~~~~~~~~~
1 error generated.
configure:4270: $? = 1
configure: failed program was:
| /* confdefs.h */
| #define PACKAGE_NAME "Cilk Runtime"
| #define PACKAGE_TARNAME "cilk-runtime"
| #define PACKAGE_VERSION "2.0"
| #define PACKAGE_STRING "Cilk Runtime 2.0"
| #define PACKAGE_BUGREPORT "cilk@intel.com"
| #define PACKAGE_URL ""
| /* end confdefs.h.  */
| #include <ac_nonexistent.h>
configure:4295: result: /mnt/cilk-plus-futures/interactive-cilk/../Tapir/src/build//bin/clang -E
configure:4315: /mnt/cilk-plus-futures/interactive-cilk/../Tapir/src/build//bin/clang -E  conftest.c
configure:4315: $? = 0
configure:4329: /mnt/cilk-plus-futures/interactive-cilk/../Tapir/src/build//bin/clang -E  conftest.c
conftest.c:9:10: fatal error: 'ac_nonexistent.h' file not found
#include <ac_nonexistent.h>
         ^~~~~~~~~~~~~~~~~~
1 error generated.
configure:4329: $? = 1
configure: failed program was:
| /* confdefs.h */
| #define PACKAGE_NAME "Cilk Runtime"
| #define PACKAGE_TARNAME "cilk-runtime"
| #define PACKAGE_VERSION "2.0"
| #define PACKAGE_STRING "Cilk Runtime 2.0"
| #define PACKAGE_BUGREPORT "cilk@intel.com"
| #define PACKAGE_URL ""
| /* end confdefs.h.  */
| #include <ac_nonexistent.h>
configure:4358: checking for grep that handles long lines and -e
configure:4416: result: /bin/grep
configure:4421: checking for egrep
configure:4483: result: /bin/grep -E
configure:4488: checking for ANSI C header files
configure:4508: /mnt/cilk-plus-futures/interactive-cilk/../Tapir/src/build//bin/clang -c -g -O3 -flto   conftest.c >&5
configure:4508: $? = 0
configure:4581: /mnt/cilk-plus-futures/interactive-cilk/../Tapir/src/build//bin/clang -o conftest -g -O3 -flto    conftest.c  >&5
configure:4581: $? = 0
configure:4581: ./conftest
configure:4581: $? = 0
configure:4592: result: yes
configure:4605: checking for sys/types.h
configure:4605: /mnt/cilk-plus-futures/interactive-cilk/../Tapir/src/build//bin/clang -c -g -O3 -flto   conftest.c >&5
configure:4605: $? = 0
configure:4605: result: yes
configure:4605: checking for sys/stat.h
configure:4605: /mnt/cilk-plus-futures/interactive-cilk/../Tapir/src/build//bin/clang -c -g -O3 -flto   conftest.c >&5
configure:4605: $? = 0
configure:4605: result: yes
configure:4605: checking for stdlib.h
configure:4605: /mnt/cilk-plus-futures/interactive-cilk/../Tapir/src/build//bin/clang -c -g -O3 -flto   conftest.c >&5
configure:4605: $? = 0
configure:4605: result: yes
configure:4605: checking for string.h
configure:4605: /mnt/cilk-plus-futures/interactive-cilk/../Tapir/src/build//bin/clang -c -g -O3 -flto   conftest.c >&5
configure:4605: $? = 0
configure:4605: result: yes
configure:4605: checking for memory.h
configure:4605: /mnt/cilk-plus-futures/interactive-cilk/../Tapir/src/build//bin/clang -c -g -O3 -flto   conftest.c >&5
configure:4605: $? = 0
configure:4605: result: yes
configure:4605: checking for strings.h
configure:4605: /mnt/cilk-plus-futures/interactive-cilk/../Tapir/src/build//bin/clang -c -g -O3 -flto   conftest.c >&5
configure:4605: $? = 0
configure:4605: result: yes
configure:4605: checking for inttypes.h
configure:4605: /mnt/cilk-plus-futures/interactive-cilk/../Tapir/src/build//bin/clang -c -g -O3 -flto   conftest.c >&5
configure:4605: $? = 0
configure:4605: result: yes
configure:4605: checking for stdint.h
configure:4605: /mnt/cilk-plus-futures/interactive-cilk/../Tapir/src/build//bin/clang -c -g -O3 -flto   conftest.c >&5
configure:4605: $? = 0
configure:4605: result: yes
configure:4605: checking for unistd.h
configure:4605: /mnt/cilk-plus-futures/interactive-cilk/../Tapir/src/build//bin/clang -c -g -O3 -flto   conftest.c >&5
configure:4605: $? = 0
configure:4605: result: yes
configure:4618: checking minix/config.h usability
configure:4618: /mnt/cilk-plus-futures/interactive-cilk/../Tapir/src/build//bin/clang -c -g -O3 -flto   conftest.c >&5
conftest.c:52:10: fatal error: 'minix/config.h' file not found
#include <minix/config.h>
         ^~~~~~~~~~~~~~~~
1 error generated.
configure:4618: $? = 1
configure: failed program was:
| /* confdefs.h */
| #define PACKAGE_NAME "Cilk Runtime"
| #define PACKAGE_TARNAME "cilk-runtime"
| #define PACKAGE_VERSION "2.0"
| #define PACKAGE_STRING "Cilk Runtime 2.0"
| #define PACKAGE_BUGREPORT "cilk@intel.com"
| #define PACKAGE_URL ""
| #define STDC_HEADERS 1
| #define HAVE_SYS_TYPES_H 1
| #define HAVE_SYS_STAT_H 1
| #define HAVE_STDLIB_H 1
| #define HAVE_STRING_H 1
| #define HAVE_MEMORY_H 1
| #define HAVE_STRINGS_H 1
| #define HAVE_INTTYPES_H 1
| #define HAVE_STDINT_H 1
| #define HAVE_UNISTD_H 1
| /* end confdefs.h.  */
| #include <stdio.h>
| #ifdef HAVE_SYS_TYPES_H
| # include <sys/types.h>
| #endif
| #ifdef HAVE_SYS_STAT_H
| # include <sys/stat.h>
| #endif
| #ifdef STDC_HEADERS
| # include <stdlib.h>
| # include <stddef.h>
| #else
| # ifdef HAVE_STDLIB_H
| #  include <stdlib.h>
| # endif
| #endif
| #ifdef HAVE_STRING_H
| # if !defined STDC_HEADERS && defined HAVE_MEMORY_H
| #  include <memory.h>
| # endif
| # include <string.h>
| #endif
| #ifdef HAVE_STRINGS_H
| # include <strings.h>
| #endif
| #ifdef HAVE_INTTYPES_H
| # include <inttypes.h>
| #endif
| #ifdef HAVE_STDINT_H
| # include <stdint.h>
| #endif
| #ifdef HAVE_UNISTD_H
| # include <unistd.h>
| #endif
| #include <minix/config.h>
configure:4618: result: no
configure:4618: checking minix/config.h presence
configure:4618: /mnt/cilk-plus-futures/interactive-cilk/../Tapir/src/build//bin/clang -E  conftest.c
conftest.c:19:10: fatal error: 'minix/config.h' file not found
#include <minix/config.h>
         ^~~~~~~~~~~~~~~~
1 error generated.
configure:4618: $? = 1
configure: failed program was:
| /* confdefs.h */
| #define PACKAGE_NAME "Cilk Runtime"
| #define PACKAGE_TARNAME "cilk-runtime"
| #define PACKAGE_VERSION "2.0"
| #define PACKAGE_STRING "Cilk Runtime 2.0"
| #define PACKAGE_BUGREPORT "cilk@intel.com"
| #define PACKAGE_URL ""
| #define STDC_HEADERS 1
| #define HAVE_SYS_TYPES_H 1
| #define HAVE_SYS_STAT_H 1
| #define HAVE_STDLIB_H 1
| #define HAVE_STRING_H 1
| #define HAVE_MEMORY_H 1
| #define HAVE_STRINGS_H 1
| #define HAVE_INTTYPES_H 1
| #define HAVE_STDINT_H 1
| #define HAVE_UNISTD_H 1
| /* end confdefs.h.  */
| #include <minix/config.h>
configure:4618: result: no
configure:4618: checking for minix/config.h
configure:4618: result: no
configure:4639: checking whether it is safe to define __EXTENSIONS__
configure:4657: /mnt/cilk-plus-futures/interactive-cilk/../Tapir/src/build//bin/clang -c -g -O3 -flto   conftest.c >&5
configure:4657: $? = 0
configure:4664: result: yes
configure:4680: checking for size_t
configure:4680: /mnt/cilk-plus-futures/interactive-cilk/../Tapir/src/build//bin/clang -c -g -O3 -flto   conftest.c >&5
configure:4680: $? = 0
configure:4680: /mnt/cilk-plus-futures/interactive-cilk/../Tapir/src/build//bin/clang -c -g -O3 -flto   conftest.c >&5
conftest.c:60:21: error: expected expression
if (sizeof ((size_t)))
                    ^
1 error generated.
configure:4680: $? = 1
configure: failed program was:
| /* confdefs.h */
| #define PACKAGE_NAME "Cilk Runtime"
| #define PACKAGE_TARNAME "cilk-runtime"
| #define PACKAGE_VERSION "2.0"
| #define PACKAGE_STRING "Cilk Runtime 2.0"
| #define PACKAGE_BUGREPORT "cilk@intel.com"
| #define PACKAGE_URL ""
| #define STDC_HEADERS 1
| #define HAVE_SYS_TYPES_H 1
| #define HAVE_SYS_STAT_H 1
| #define HAVE_STDLIB_H 1
| #define HAVE_STRING_H 1
| #define HAVE_MEMORY_H 1
| #define HAVE_STRINGS_H 1
| #define HAVE_INTTYPES_H 1
| #define HAVE_STDINT_H 1
| #define HAVE_UNISTD_H 1
| #define __EXTENSIONS__ 1
| #define _ALL_SOURCE 1
| #define _GNU_SOURCE 1
| #define _POSIX_PTHREAD_SEMANTICS 1
| #define _TANDEM_SOURCE 1
| /* end confdefs.h.  */
| #include <stdio.h>
| #ifdef HAVE_SYS_TYPES_H
| # include <sys/types.h>
| #endif
| #ifdef HAVE_SYS_STAT_H
| # include <sys/stat.h>
| #endif
| #ifdef STDC_HEADERS
| # include <stdlib.h>
| # include <stddef.h>
| #else
| # ifdef HAVE_STDLIB_H
| #  include <stdlib.h>
| # endif
| #endif
| #ifdef HAVE_STRING_H
| # if !defined STDC_HEADERS && defined HAVE_MEMORY_H
| #  include <memory.h>
| # endif
| # include <string.h>
| #endif
| #ifdef HAVE_STRINGS_H
| # include <strings.h>
| #endif
| #ifdef HAVE_INTTYPES_H
| # include <inttypes.h>
| #endif
| #ifdef HAVE_STDINT_H
| # include <stdint.h>
| #endif
| #ifdef HAVE_UNISTD_H
| # include <unistd.h>
| #endif
| int
| main ()
| {
| if (sizeof ((size_t)))
| 	    return 0;
|   ;
|   return 0;
| }
configure:4680: result: yes
configure:4693: checking for working alloca.h
configure:4710: /mnt/cilk-plus-futures/interactive-cilk/../Tapir/src/build//bin/clang -o conftest -g -O3 -flto    conftest.c  >&5
configure:4710: $? = 0
configure:4718: result: yes
configure:4726: checking for alloca
configure:4763: /mnt/cilk-plus-futures/interactive-cilk/../Tapir/src/build//bin/clang -o conftest -g -O3 -flto    conftest.c  >&5
configure:4763: $? = 0
configure:4771: result: yes
configure:5230: checking for gcc
configure:5257: result: /mnt/cilk-plus-futures/interactive-cilk/../Tapir/src/build//bin/clang
configure:5486: checking for C compiler version
configure:5495: /mnt/cilk-plus-futures/interactive-cilk/../Tapir/src/build//bin/clang --version >&5
clang version 5.0.0 (https://github.com/wsmoses/Tapir-Clang 94b8db88cc38969262505a8b2942fb69c8fbacde) (https://github.com/wsmoses/Tapir-LLVM.git ba2f0eda34108ab64e581f2740b4d06eecc50709)
Target: x86_64-unknown-linux-gnu
Thread model: posix
InstalledDir: /mnt/cilk-plus-futures/interactive-cilk/../Tapir/src/build//bin
configure:5506: $? = 0
configure:5495: /mnt/cilk-plus-futures/interactive-cilk/../Tapir/src/build//bin/clang -v >&5
clang version 5.0.0 (https://github.com/wsmoses/Tapir-Clang 94b8db88cc38969262505a8b2942fb69c8fbacde) (https://github.com/wsmoses/Tapir-LLVM.git ba2f0eda34108ab64e581f2740b4d06eecc50709)
Target: x86_64-unknown-linux-gnu
Thread model: posix
InstalledDir: /mnt/cilk-plus-futures/interactive-cilk/../Tapir/src/build//bin
Found candidate GCC installation: /usr/lib/gcc/x86_64-linux-gnu/5
Found candidate GCC installation: /usr/lib/gcc/x86_64-linux-gnu/5.4.0
Found candidate GCC installation: /usr/lib/gcc/x86_64-linux-gnu/6
Found candidate GCC installation: /usr/lib/gcc/x86_64-linux-gnu/6.0.0
Selected GCC installation: /usr/lib/gcc/x86_64-linux-gnu/5.4.0
Candidate multilib: .;@m64
... rest of stderr output deleted ...
configure:5506: $? = 0
configure:5495: /mnt/cilk-plus-futures/interactive-cilk/../Tapir/src/build//bin/clang -V >&5
clang-5.0: error: argument to '-V' is missing (expected 1 value)
clang-5.0: error: no input files
configure:5506: $? = 1
configure:5495: /mnt/cilk-plus-futures/interactive-cilk/../Tapir/src/build//bin/clang -qversion >&5
clang-5.0: error: unknown argument: '-qversion'
clang-5.0: error: no input files
configure:5506: $? = 1
configure:5510: checking whether we are using the GNU C compiler
configure:5538: result: yes
configure:5547: checking whether /mnt/cilk-plus-futures/interactive-cilk/../Tapir/src/build//bin/clang accepts -g
configure:5608: result: yes
configure:5625: checking for /mnt/cilk-plus-futures/interactive-cilk/../Tapir/src/build//bin/clang option to accept ISO C89
configure:5701: result: none needed
configure:5726: checking whether /mnt/cilk-plus-futures/interactive-cilk/../Tapir/src/build//bin/clang understands -c and -o together
configure:5763: result: yes
configure:5782: checking dependency style of /mnt/cilk-plus-futures/interactive-cilk/../Tapir/src/build//bin/clang
configure:5893: result: gcc3
configure:6020: checking for C++ compiler version
configure:6029: /mnt/cilk-plus-futures/interactive-cilk/../Tapir/src/build//bin/clang++ --version >&5
clang version 5.0.0 (https://github.com/wsmoses/Tapir-Clang 94b8db88cc38969262505a8b2942fb69c8fbacde) (https://github.com/wsmoses/Tapir-LLVM.git ba2f0eda34108ab64e581f2740b4d06eecc50709)
Target: x86_64-unknown-linux-gnu
Thread model: posix
InstalledDir: /mnt/cilk-plus-futures/interactive-cilk/../Tapir/src/build//bin
configure:6040: $? = 0
configure:6029: /mnt/cilk-plus-futures/interactive-cilk/../Tapir/src/build//bin/clang++ -v >&5
clang version 5.0.0 (https://github.com/wsmoses/Tapir-Clang 94b8db88cc38969262505a8b2942fb69c8fbacde) (https://github.com/wsmoses/Tapir-LLVM.git ba2f0eda34108ab64e581f2740b4d06eecc50709)
Target: x86_64-unknown-linux-gnu
Thread model: posix
InstalledDir: /mnt/cilk-plus-futures/interactive-cilk/../Tapir/src/build//bin
Found candidate GCC installation: /usr/lib/gcc/x86_64-linux-gnu/5
Found candidate GCC installation: /usr/lib/gcc/x86_64-linux-gnu/5.4.0
Found candidate GCC installation: /usr/lib/gcc/x86_64-linux-gnu/6
Found candidate GCC installation: /usr/lib/gcc/x86_64-linux-gnu/6.0.0
Selected GCC installation: /usr/lib/gcc/x86_64-linux-gnu/5.4.0
Candidate multilib: .;@m64
... rest of stderr output deleted ...
configure:6040: $? = 0
configure:6029: /mnt/cilk-plus-futures/interactive-cilk/../Tapir/src/build//bin/clang++ -V >&5
clang-5.0: error: argument to '-V' is missing (expected 1 value)
clang-5.0: error: no input files
configure:6040: $? = 1
configure:6029: /mnt/cilk-plus-futures/interactive-cilk/../Tapir/src/build//bin/clang++ -qversion >&5
clang-5.0: error: unknown argument: '-qversion'
clang-5.0: error: no input files
configure:6040: $? = 1
configure:6044: checking whether we are using the GNU C++ compiler
configure:6063: /mnt/cilk-plus-futures/interactive-cilk/../Tapir/src/build//bin/clang++ -c -g -O3 -flto   conftest.cpp >&5
configure:6063: $? = 0
configure:6072: result: yes
configure:6081: checking whether /mnt/cilk-plus-futures/interactive-cilk/../Tapir/src/build//bin/clang++ accepts -g
configure:6101: /mnt/cilk-plus-futures/interactive-cilk/../Tapir/src/build//bin/clang++ -c -g  conftest.cpp >&5
configure:6101: $? = 0
configure:6142: result: yes
configure:6167: checking dependency style of /mnt/cilk-plus-futures/interactive-cilk/../Tapir/src/build//bin/clang++
configure:6278: result: gcc3
configure:6339: checking how to print strings
configure:6366: result: printf
configure:6387: checking for a sed that does not truncate output
configure:6451: result: /bin/sed
configure:6469: checking for fgrep
configure:6531: result: /bin/grep -F
configure:6566: checking for ld used by /mnt/cilk-plus-futures/interactive-cilk/../Tapir/src/build//bin/clang
configure:6633: result: /usr/bin/ld
configure:6640: checking if the linker (/usr/bin/ld) is GNU ld
configure:6655: result: yes
configure:6667: checking for BSD- or MS-compatible name lister (nm)
configure:6721: result: /usr/bin/nm -B
configure:6851: checking the name lister (/usr/bin/nm -B) interface
configure:6858: /mnt/cilk-plus-futures/interactive-cilk/../Tapir/src/build//bin/clang -c -g -O3 -flto   conftest.c >&5
configure:6861: /usr/bin/nm -B "conftest.o"
/usr/bin/nm: conftest.o: File format not recognized
configure:6864: output
configure:6871: result: BSD nm
configure:6874: checking whether ln -s works
configure:6878: result: yes
configure:6886: checking the maximum length of command line arguments
configure:7017: result: 1572864
configure:7065: checking how to convert x86_64-pc-linux-gnu file names to x86_64-pc-linux-gnu format
configure:7105: result: func_convert_file_noop
configure:7112: checking how to convert x86_64-pc-linux-gnu file names to toolchain format
configure:7132: result: func_convert_file_noop
configure:7139: checking for /usr/bin/ld option to reload object files
configure:7146: result: -r
configure:7220: checking for objdump
configure:7247: result: objdump
configure:7276: checking how to recognize dependent libraries
configure:7476: result: pass_all
configure:7561: checking for dlltool
configure:7588: result: dlltool
configure:7618: checking how to associate runtime and link libraries
configure:7645: result: printf %s\n
configure:7705: checking for ar
configure:7721: found /usr/bin/ar
configure:7732: result: ar
configure:7769: checking for archiver @FILE support
configure:7786: /mnt/cilk-plus-futures/interactive-cilk/../Tapir/src/build//bin/clang -c -g -O3 -flto   conftest.c >&5
configure:7786: $? = 0
configure:7789: ar cru --plugin=/mnt/cilk-plus-futures/interactive-cilk/../Tapir/src/build//lib/LLVMgold.so libconftest.a @conftest.lst >&5
ar: `u' modifier ignored since `D' is the default (see `U')
configure:7792: $? = 0
configure:7797: ar cru --plugin=/mnt/cilk-plus-futures/interactive-cilk/../Tapir/src/build//lib/LLVMgold.so libconftest.a @conftest.lst >&5
ar: `u' modifier ignored since `D' is the default (see `U')
ar: conftest.o: No such file or directory
configure:7800: $? = 1
configure:7812: result: @
configure:7870: checking for strip
configure:7886: found /usr/bin/strip
configure:7897: result: strip
configure:7969: checking for ranlib
configure:7996: result: /bin/true
configure:8098: checking command to parse /usr/bin/nm -B output from /mnt/cilk-plus-futures/interactive-cilk/../Tapir/src/build//bin/clang object
configure:8251: /mnt/cilk-plus-futures/interactive-cilk/../Tapir/src/build//bin/clang -c -g -O3 -flto   conftest.c >&5
configure:8254: $? = 0
configure:8258: /usr/bin/nm -B conftest.o \| sed -n -e 's/^.*[ ]\([ABCDGIRSTW][ABCDGIRSTW]*\)[ ][ ]*\([_A-Za-z][_A-Za-z0-9]*\)$/\1 \2 \2/p' | sed '/ __gnu_lto/d' \> conftest.nm
/usr/bin/nm: conftest.o: File format not recognized
configure:8261: $? = 0
cannot run sed -n -e 's/^.*[	 ]\([ABCDGIRSTW][ABCDGIRSTW]*\)[	 ][	 ]*\([_A-Za-z][_A-Za-z0-9]*\)$/\1 \2 \2/p' | sed '/ __gnu_lto/d'
configure:8251: /mnt/cilk-plus-futures/interactive-cilk/../Tapir/src/build//bin/clang -c -g -O3 -flto   conftest.c >&5
configure:8254: $? = 0
configure:8258: /usr/bin/nm -B conftest.o \| sed -n -e 's/^.*[ ]\([ABCDGIRSTW][ABCDGIRSTW]*\)[ ][ ]*_\([_A-Za-z][_A-Za-z0-9]*\)$/\1 _\2 \2/p' | sed '/ __gnu_lto/d' \> conftest.nm
/usr/bin/nm: conftest.o: File format not recognized
configure:8261: $? = 0
cannot run sed -n -e 's/^.*[	 ]\([ABCDGIRSTW][ABCDGIRSTW]*\)[	 ][	 ]*_\([_A-Za-z][_A-Za-z0-9]*\)$/\1 _\2 \2/p' | sed '/ __gnu_lto/d'
configure:8365: result: failed
configure:8415: checking for sysroot
configure:8445: result: no
configure:8452: checking for a working dd
configure:8490: result: /bin/dd
configure:8494: checking how to truncate binary pipes
configure:8509: result: /bin/dd bs=4096 count=1
configure:8645: /mnt/cilk-plus-futures/interactive-cilk/../Tapir/src/build//bin/clang -c -g -O3 -flto   conftest.c >&5
configure:8648: $? = 0
configure:8838: checking for mt
configure:8868: result: no
configure:8888: checking if : is a manifest tool
configure:8894: : '-?'
configure:8902: result: no
configure:9576: checking for dlfcn.h
configure:9576: /mnt/cilk-plus-futures/interactive-cilk/../Tapir/src/build//bin/clang -c -g -O3 -flto   conftest.c >&5
configure:9576: $? = 0
configure:9576: result: yes
configure:9841: checking for objdir
configure:9856: result: .libs
configure:10120: checking if /mnt/cilk-plus-futures/interactive-cilk/../Tapir/src/build//bin/clang supports -fno-rtti -fno-exceptions
configure:10138: /mnt/cilk-plus-futures/interactive-cilk/../Tapir/src/build//bin/clang -c -g -O3 -flto   -fno-rtti -fno-exceptions conftest.c >&5
configure:10142: $? = 0
configure:10155: result: yes
configure:10513: checking for /mnt/cilk-plus-futures/interactive-cilk/../Tapir/src/build//bin/clang option to produce PIC
configure:10520: result: -fPIC -DPIC
configure:10528: checking if /mnt/cilk-plus-futures/interactive-cilk/../Tapir/src/build//bin/clang PIC flag -fPIC -DPIC works
configure:10546: /mnt/cilk-plus-futures/interactive-cilk/../Tapir/src/build//bin/clang -c -g -O3 -flto   -fPIC -DPIC -DPIC conftest.c >&5
configure:10550: $? = 0
configure:10563: result: yes
configure:10592: checking if /mnt/cilk-plus-futures/interactive-cilk/../Tapir/src/build//bin/clang static flag -static works
configure:10620: result: yes
configure:10635: checking if /mnt/cilk-plus-futures/interactive-cilk/../Tapir/src/build//bin/clang supports -c -o file.o
configure:10656: /mnt/cilk-plus-futures/interactive-cilk/../Tapir/src/build//bin/clang -c -g -O3 -flto   -o out/conftest2.o conftest.c >&5
configure:10660: $? = 0
configure:10682: result: yes
configure:10690: checking if /mnt/cilk-plus-futures/interactive-cilk/../Tapir/src/build//bin/clang supports -c -o file.o
configure:10737: result: yes
configure:10770: checking whether the /mnt/cilk-plus-futures/interactive-cilk/../Tapir/src/build//bin/clang linker (/usr/bin/ld) supports shared libraries
configure:12033: result: yes
configure:12070: checking whether -lc should be explicitly linked in
configure:12078: /mnt/cilk-plus-futures/interactive-cilk/../Tapir/src/build//bin/clang -c -g -O3 -flto   conftest.c >&5
configure:12081: $? = 0
configure:12096: /mnt/cilk-plus-futures/interactive-cilk/../Tapir/src/build//bin/clang -shared  -fPIC -DPIC conftest.o  -v -Wl,-soname -Wl,conftest -o conftest 2\>\&1 \| /bin/grep  -lc  \>/dev/null 2\>\&1
configure:12099: $? = 0
configure:12113: result: no
configure:12273: checking dynamic linker characteristics
configure:12854: /mnt/cilk-plus-futures/interactive-cilk/../Tapir/src/build//bin/clang -o conftest -g -O3 -flto    -Wl,-rpath -Wl,/foo conftest.c  >&5
configure:12854: $? = 0
configure:13103: result: GNU/Linux ld.so
configure:13225: checking how to hardcode library paths into programs
configure:13250: result: immediate
configure:13798: checking whether stripping libraries is possible
configure:13803: result: yes
configure:13838: checking if libtool supports shared libraries
configure:13840: result: yes
configure:13843: checking whether to build shared libraries
configure:13868: result: yes
configure:13871: checking whether to build static libraries
configure:13875: result: yes
configure:13898: checking how to run the C++ preprocessor
configure:13925: /mnt/cilk-plus-futures/interactive-cilk/../Tapir/src/build//bin/clang++ -E  conftest.cpp
configure:13925: $? = 0
configure:13939: /mnt/cilk-plus-futures/interactive-cilk/../Tapir/src/build//bin/clang++ -E  conftest.cpp
conftest.cpp:28:10: fatal error: 'ac_nonexistent.h' file not found
#include <ac_nonexistent.h>
         ^~~~~~~~~~~~~~~~~~
1 error generated.
configure:13939: $? = 1
configure: failed program was:
| /* confdefs.h */
| #define PACKAGE_NAME "Cilk Runtime"
| #define PACKAGE_TARNAME "cilk-runtime"
| #define PACKAGE_VERSION "2.0"
| #define PACKAGE_STRING "Cilk Runtime 2.0"
| #define PACKAGE_BUGREPORT "cilk@intel.com"
| #define PACKAGE_URL ""
| #define STDC_HEADERS 1
| #define HAVE_SYS_TYPES_H 1
| #define HAVE_SYS_STAT_H 1
| #define HAVE_STDLIB_H 1
| #define HAVE_STRING_H 1
| #define HAVE_MEMORY_H 1
| #define HAVE_STRINGS_H 1
| #define HAVE_INTTYPES_H 1
| #define HAVE_STDINT_H 1
| #define HAVE_UNISTD_H 1
| #define __EXTENSIONS__ 1
| #define _ALL_SOURCE 1
| #define _GNU_SOURCE 1
| #define _POSIX_PTHREAD_SEMANTICS 1
| #define _TANDEM_SOURCE 1
| #define HAVE_ALLOCA_H 1
| #define HAVE_ALLOCA 1
| #define HAVE_DLFCN_H 1
| #define LT_OBJDIR ".libs/"
| /* end confdefs.h.  */
| #include <ac_nonexistent.h>
configure:13964: result: /mnt/cilk-plus-futures/interactive-cilk/../Tapir/src/build//bin/clang++ -E
configure:13984: /mnt/cilk-plus-futures/interactive-cilk/../Tapir/src/build//bin/clang++ -E  conftest.cpp
configure:13984: $? = 0
configure:13998: /mnt/cilk-plus-futures/interactive-cilk/../Tapir/src/build//bin/clang++ -E  conftest.cpp
conftest.cpp:28:10: fatal error: 'ac_nonexistent.h' file not found
#include <ac_nonexistent.h>
         ^~~~~~~~~~~~~~~~~~
1 error generated.
configure:13998: $? = 1
configure: failed program was:
| /* confdefs.h */
| #define PACKAGE_NAME "Cilk Runtime"
| #define PACKAGE_TARNAME "cilk-runtime"
| #define PACKAGE_VERSION "2.0"
| #define PACKAGE_STRING "Cilk Runtime 2.0"
| #define PACKAGE_BUGREPORT "cilk@intel.com"
| #define PACKAGE_URL ""
| #define STDC_HEADERS 1
| #define HAVE_SYS_TYPES_H 1
| #define HAVE_SYS_STAT_H 1
| #define HAVE_STDLIB_H 1
| #define HAVE_STRING_H 1
| #define HAVE_MEMORY_H 1
| #define HAVE_STRINGS_H 1
| #define HAVE_INTTYPES_H 1
| #define HAVE_STDINT_H 1
| #define HAVE_UNISTD_H 1
| #define __EXTENSIONS__ 1
| #define _ALL_SOURCE 1
| #define _GNU_SOURCE 1
| #define _POSIX_PTHREAD_SEMANTICS 1
| #define _TANDEM_SOURCE 1
| #define HAVE_ALLOCA_H 1
| #define HAVE_ALLOCA 1
| #define HAVE_DLFCN_H 1
| #define LT_OBJDIR ".libs/"
| /* end confdefs.h.  */
| #include <ac_nonexistent.h>
configure:14160: checking for ld used by /mnt/cilk-plus-futures/interactive-cilk/../Tapir/src/build//bin/clang++
configure:14227: result: /usr/bin/ld
configure:14234: checking if the linker (/usr/bin/ld) is GNU ld
configure:14249: result: yes
configure:14304: checking whether the /mnt/cilk-plus-futures/interactive-cilk/../Tapir/src/build//bin/clang++ linker (/usr/bin/ld) supports shared libraries
configure:15377: result: yes
configure:15413: /mnt/cilk-plus-futures/interactive-cilk/../Tapir/src/build//bin/clang++ -c -g -O3 -flto   conftest.cpp >&5
configure:15416: $? = 0
configure:15897: checking for /mnt/cilk-plus-futures/interactive-cilk/../Tapir/src/build//bin/clang++ option to produce PIC
configure:15904: result: -fPIC -DPIC
configure:15912: checking if /mnt/cilk-plus-futures/interactive-cilk/../Tapir/src/build//bin/clang++ PIC flag -fPIC -DPIC works
configure:15930: /mnt/cilk-plus-futures/interactive-cilk/../Tapir/src/build//bin/clang++ -c -g -O3 -flto   -fPIC -DPIC -DPIC conftest.cpp >&5
configure:15934: $? = 0
configure:15947: result: yes
configure:15970: checking if /mnt/cilk-plus-futures/interactive-cilk/../Tapir/src/build//bin/clang++ static flag -static works
configure:15998: result: yes
configure:16010: checking if /mnt/cilk-plus-futures/interactive-cilk/../Tapir/src/build//bin/clang++ supports -c -o file.o
configure:16031: /mnt/cilk-plus-futures/interactive-cilk/../Tapir/src/build//bin/clang++ -c -g -O3 -flto   -o out/conftest2.o conftest.cpp >&5
configure:16035: $? = 0
configure:16057: result: yes
configure:16062: checking if /mnt/cilk-plus-futures/interactive-cilk/../Tapir/src/build//bin/clang++ supports -c -o file.o
configure:16109: result: yes
configure:16139: checking whether the /mnt/cilk-plus-futures/interactive-cilk/../Tapir/src/build//bin/clang++ linker (/usr/bin/ld) supports shared libraries
configure:16182: result: yes
configure:16323: checking dynamic linker characteristics
configure:17080: result: GNU/Linux ld.so
configure:17145: checking how to hardcode library paths into programs
configure:17170: result: immediate
configure:17249: /mnt/cilk-plus-futures/interactive-cilk/../Tapir/src/build//bin/clang -c -g -O3 -flto  -Werror  conftest.c >&5
configure:17249: $? = 0
configure:17373: /mnt/cilk-plus-futures/interactive-cilk/../Tapir/src/build//bin/clang -o conftest -g -O3 -flto  -pthread   conftest.c  >&5
configure:17373: $? = 0
configure:17423: /mnt/cilk-plus-futures/interactive-cilk/../Tapir/src/build//bin/clang -o conftest -g -O3 -flto  -pthread   conftest.c  >&5
conftest.c:29:9: warning: '_GNU_SOURCE' macro redefined [-Wmacro-redefined]
#define _GNU_SOURCE
        ^
conftest.c:20:9: note: previous definition is here
#define _GNU_SOURCE 1
        ^
1 warning generated.
configure:17423: $? = 0
configure:17603: checking that generated files are newer than configure
configure:17609: result: done
configure:17652: creating ./config.status

## ---------------------- ##
## Running config.status. ##
## ---------------------- ##

This file was extended by Cilk Runtime config.status 2.0, which was
generated by GNU Autoconf 2.69.  Invocation command line was

  CONFIG_FILES    = 
  CONFIG_HEADERS  = 
  CONFIG_LINKS    = 
  CONFIG_COMMANDS = 
  $ ./config.status 

on 2cbfbd29d16e

config.status:1092: creating Makefile
config.status:1264: executing depfiles commands
config.status:1264: executing libtool commands

## ---------------- ##
## Cache variables. ##
## ---------------- ##

ac_cv_build=x86_64-pc-linux-gnu
ac_cv_c_compiler_gnu=yes
ac_cv_cxx_compiler_gnu=yes
ac_cv_env_CCC_set=
ac_cv_env_CCC_value=
ac_cv_env_CC_set=set
ac_cv_env_CC_value=/mnt/cilk-plus-futures/interactive-cilk/../Tapir/src/build//bin/clang
ac_cv_env_CFLAGS_set=set
ac_cv_env_CFLAGS_value='-g -O3 -flto '
ac_cv_env_CPPFLAGS_set=
ac_cv_env_CPPFLAGS_value=
ac_cv_env_CPP_set=
ac_cv_env_CPP_value=
ac_cv_env_CXXCPP_set=
ac_cv_env_CXXCPP_value=
ac_cv_env_CXXFLAGS_set=set
ac_cv_env_CXXFLAGS_value='-g -O3 -flto '
ac_cv_env_CXX_set=set
ac_cv_env_CXX_value=/mnt/cilk-plus-futures/interactive-cilk/../Tapir/src/build//bin/clang++
ac_cv_env_LDFLAGS_set=
ac_cv_env_LDFLAGS_value=
ac_cv_env_LIBS_set=
ac_cv_env_LIBS_value=
ac_cv_env_LT_SYS_LIBRARY_PATH_set=
ac_cv_env_LT_SYS_LIBRARY_PATH_value=
ac_cv_env_build_alias_set=
ac_cv_env_build_alias_value=
ac_cv_env_host_alias_set=
ac_cv_env_host_alias_value=
ac_cv_env_target_alias_set=
ac_cv_env_target_alias_value=
ac_cv_func_alloca_works=yes
ac_cv_header_dlfcn_h=yes
ac_cv_header_inttypes_h=yes
ac_cv_header_memory_h=yes
ac_cv_header_minix_config_h=no
ac_cv_header_stdc=yes
ac_cv_header_stdint_h=yes
ac_cv_header_stdlib_h=yes
ac_cv_header_string_h=yes
ac_cv_header_strings_h=yes
ac_cv_header_sys_stat_h=yes
ac_cv_header_sys_types_h=yes
ac_cv_header_unistd_h=yes
ac_cv_host=x86_64-pc-linux-gnu
ac_cv_objext=o
ac_cv_path_EGREP='/bin/grep -E'
ac_cv_path_FGREP='/bin/grep -F'
ac_cv_path_GREP=/bin/grep
ac_cv_path_SED=/bin/sed
ac_cv_path_install='/usr/bin/install -c'
ac_cv_path_lt_DD=/bin/dd
ac_cv_path_mkdir=/bin/mkdir
ac_cv_prog_AWK=mawk
ac_cv_prog_CPP='/mnt/cilk-plus-futures/interactive-cilk/../Tapir/src/build//bin/clang -E'
ac_cv_prog_CXXCPP='/mnt/cilk-plus-futures/interactive-cilk/../Tapir/src/build//bin/clang++ -E'
ac_cv_prog_ac_ct_AR=ar
ac_cv_prog_ac_ct_CC=/mnt/cilk-plus-futures/interactive-cilk/../Tapir/src/build//bin/clang
ac_cv_prog_ac_ct_DLLTOOL=dlltool
ac_cv_prog_ac_ct_OBJDUMP=objdump
ac_cv_prog_ac_ct_RANLIB=/bin/true
ac_cv_prog_ac_ct_STRIP=strip
ac_cv_prog_cc_c89=
ac_cv_prog_cc_g=yes
ac_cv_prog_cxx_g=yes
ac_cv_prog_make_make_set=yes
ac_cv_safe_to_define___extensions__=yes
ac_cv_target=x86_64-pc-linux-gnu
ac_cv_type_size_t=yes
ac_cv_working_alloca_h=yes
am_cv_CC_dependencies_compiler_type=gcc3
am_cv_CXX_dependencies_compiler_type=gcc3
am_cv_make_support_nested_variables=yes
am_cv_prog_cc_c_o=yes
libcilkrts_cv_have_attribute_visibility=yes
lt_cv_ar_at_file=@
lt_cv_archive_cmds_need_lc=no
lt_cv_deplibs_check_method=pass_all
lt_cv_file_magic_cmd='$MAGIC_CMD'
lt_cv_file_magic_test_file=
lt_cv_ld_reload_flag=-r
lt_cv_nm_interface='BSD nm'
lt_cv_objdir=.libs
lt_cv_path_LD=/usr/bin/ld
lt_cv_path_LDCXX=/usr/bin/ld
lt_cv_path_NM='/usr/bin/nm -B'
lt_cv_path_mainfest_tool=no
lt_cv_prog_compiler_c_o=yes
lt_cv_prog_compiler_c_o_CXX=yes
lt_cv_prog_compiler_pic='-fPIC -DPIC'
lt_cv_prog_compiler_pic_CXX='-fPIC -DPIC'
lt_cv_prog_compiler_pic_works=yes
lt_cv_prog_compiler_pic_works_CXX=yes
lt_cv_prog_compiler_rtti_exceptions=yes
lt_cv_prog_compiler_static_works=yes
lt_cv_prog_compiler_static_works_CXX=yes
lt_cv_prog_gnu_ld=yes
lt_cv_prog_gnu_ldcxx=yes
lt_cv_sharedlib_from_linklib_cmd='printf %s\n'
lt_cv_shlibpath_overrides_runpath=yes
lt_cv_sys_global_symbol_pipe=
lt_cv_sys_global_symbol_to_c_name_address='sed -n -e '\''s/^: \(.*\) .*$/  {"\1", (void *) 0},/p'\'' -e '\''s/^[ABCDGIRSTW][ABCDGIRSTW]* .* \(.*\)$/  {"\1", (void *) \&\1},/p'\'''
lt_cv_sys_global_symbol_to_c_name_address_lib_prefix='sed -n -e '\''s/^: \(.*\) .*$/  {"\1", (void *) 0},/p'\'' -e '\''s/^[ABCDGIRSTW][ABCDGIRSTW]* .* \(lib.*\)$/  {"\1", (void *) \&\1},/p'\'' -e '\''s/^[ABCDGIRSTW][ABCDGIRSTW]* .* \(.*\)$/  {"lib\1", (void *) \&\1},/p'\'''
lt_cv_sys_global_symbol_to_cdecl=
lt_cv_sys_global_symbol_to_import=
lt_cv_sys_max_cmd_len=1572864
lt_cv_to_host_file_cmd=func_convert_file_noop
lt_cv_to_tool_file_cmd=func_convert_file_noop
lt_cv_truncate_bin='/bin/dd bs=4096 count=1'

## ----------------- ##
## Output variables. ##
## ----------------- ##

ACLOCAL='${SHELL} /mnt/cilk-plus-futures/interactive-cilk/missing aclocal-1.15'
ALLOCA=''
AMDEPBACKSLASH='\'
AMDEP_FALSE='#'
AMDEP_TRUE=''
AMTAR='$${TAR-tar}'
AM_BACKSLASH='\'
AM_DEFAULT_V='$(AM_DEFAULT_VERBOSITY)'
AM_DEFAULT_VERBOSITY='1'
AM_V='$(V)'
AR='ar'
AS='as'
AUTOCONF='${SHELL} /mnt/cilk-plus-futures/interactive-cilk/missing autoconf'
AUTOHEADER='${SHELL} /mnt/cilk-plus-futures/interactive-cilk/missing autoheader'
AUTOMAKE='${SHELL} /mnt/cilk-plus-futures/interactive-cilk/missing automake-1.15'
AWK='mawk'
CC='/mnt/cilk-plus-futures/interactive-cilk/../Tapir/src/build//bin/clang'
CCDEPMODE='depmode=gcc3'
CFLAGS='-g -O3 -flto '
CPP='/mnt/cilk-plus-futures/interactive-cilk/../Tapir/src/build//bin/clang -E'
CPPFLAGS=''
CXX='/mnt/cilk-plus-futures/interactive-cilk/../Tapir/src/build//bin/clang++'
CXXCPP='/mnt/cilk-plus-futures/interactive-cilk/../Tapir/src/build//bin/clang++ -E'
CXXDEPMODE='depmode=gcc3'
CXXFLAGS='-g -O3 -flto '
CYGPATH_W='echo'
DEFS='-DPACKAGE_NAME=\"Cilk\ Runtime\" -DPACKAGE_TARNAME=\"cilk-runtime\" -DPACKAGE_VERSION=\"2.0\" -DPACKAGE_STRING=\"Cilk\ Runtime\ 2.0\" -DPACKAGE_BUGREPORT=\"cilk@intel.com\" -DPACKAGE_URL=\"\" -DSTDC_HEADERS=1 -DHAVE_SYS_TYPES_H=1 -DHAVE_SYS_STAT_H=1 -DHAVE_STDLIB_H=1 -DHAVE_STRING_H=1 -DHAVE_MEMORY_H=1 -DHAVE_STRINGS_H=1 -DHAVE_INTTYPES_H=1 -DHAVE_STDINT_H=1 -DHAVE_UNISTD_H=1 -D__EXTENSIONS__=1 -D_ALL_SOURCE=1 -D_GNU_SOURCE=1 -D_POSIX_PTHREAD_SEMANTICS=1 -D_TANDEM_SOURCE=1 -DHAVE_ALLOCA_H=1 -DHAVE_ALLOCA=1 -DHAVE_DLFCN_H=1 -DLT_OBJDIR=\".libs/\" -DHAVE_ATTRIBUTE_VISIBILITY=1 -DHAVE_PTHREAD_AFFINITY_NP=1'
DEPDIR='.deps'
DLLTOOL='dlltool'
DSYMUTIL=''
DUMPBIN=''
ECHO_C=''
ECHO_N='-n'
ECHO_T=''
EGREP='/bin/grep -E'
EXEEXT=''
FGREP='/bin/grep -F'
GREP='/bin/grep'
INSTALL_DATA='${INSTALL} -m 644'
INSTALL_PROGRAM='${INSTALL}'
INSTALL_SCRIPT='${INSTALL}'
INSTALL_STRIP_PROGRAM='$(install_sh) -c -s'
LD='/usr/bin/ld'
LDFLAGS=''
LIBOBJS=''
LIBS=''
LIBTOOL='$(SHELL) $(top_builddir)/libtool'
LINUX_LINKER_SCRIPT_FALSE='#'
LINUX_LINKER_SCRIPT_TRUE=''
LIPO=''
LN_S='ln -s'
LTLIBOBJS=''
LT_SYS_LIBRARY_PATH=''
MAC_LINKER_SCRIPT_FALSE=''
MAC_LINKER_SCRIPT_TRUE='#'
MAINT='#'
MAINTAINER_MODE_FALSE=''
MAINTAINER_MODE_TRUE='#'
MAKEINFO='${SHELL} /mnt/cilk-plus-futures/interactive-cilk/missing makeinfo'
MANIFEST_TOOL=':'
MKDIR_P='/bin/mkdir -p'
NM='/usr/bin/nm -B'
NMEDIT=''
OBJDUMP='objdump'
OBJEXT='o'
OTOOL64=''
OTOOL=''
PACKAGE='cilk-runtime'
PACKAGE_BUGREPORT='cilk@intel.com'
PACKAGE_NAME='Cilk Runtime'
PACKAGE_STRING='Cilk Runtime 2.0'
PACKAGE_TARNAME='cilk-runtime'
PACKAGE_URL=''
PACKAGE_VERSION='2.0'
PATH_SEPARATOR=':'
RANLIB='/bin/true'
SED='/bin/sed'
SET_MAKE=''
SHELL='/bin/bash'
STRIP='strip'
VERSION='2.0'
XCFLAGS=' -Wc,-pthread'
XLDFLAGS=' -lpthread'
ac_ct_AR='ar'
ac_ct_CC='/mnt/cilk-plus-futures/interactive-cilk/../Tapir/src/build//bin/clang'
ac_ct_CXX=''
ac_ct_DUMPBIN=''
am__EXEEXT_FALSE=''
am__EXEEXT_TRUE='#'
am__fastdepCC_FALSE='#'
am__fastdepCC_TRUE=''
am__fastdepCXX_FALSE='#'
am__fastdepCXX_TRUE=''
am__include='include'
am__isrc=''
am__leading_dot='.'
am__nodep='_no'
am__quote=''
am__tar='$${TAR-tar} chof - "$$tardir"'
am__untar='$${TAR-tar} xf -'
bindir='${exec_prefix}/bin'
build='x86_64-pc-linux-gnu'
build_alias=''
build_cpu='x86_64'
build_os='linux-gnu'
build_vendor='pc'
config_dir='x86'
datadir='${datarootdir}'
datarootdir='${prefix}/share'
docdir='${datarootdir}/doc/${PACKAGE_TARNAME}'
dvidir='${docdir}'
exec_prefix='${prefix}'
host='x86_64-pc-linux-gnu'
host_alias=''
host_cpu='x86_64'
host_os='linux-gnu'
host_vendor='pc'
htmldir='${docdir}'
includedir='${prefix}/include'
infodir='${datarootdir}/info'
install_sh='${SHELL} /mnt/cilk-plus-futures/interactive-cilk/install-sh'
libdir='${exec_prefix}/lib'
libexecdir='${exec_prefix}/libexec'
link_cilkrts='-lcilkrts %{static: }'
localedir='${datarootdir}/locale'
localstatedir='${prefix}/var'
lt_cv_dlopen_libs=''
mandir='${datarootdir}/man'
mkdir_p='$(MKDIR_P)'
oldincludedir='/usr/include'
pdfdir='${docdir}'
prefix='/mnt/cilk-plus-futures/interactive-cilk/../Tapir/src/build'
program_transform_name='s,x,x,'
psdir='${docdir}'
runstatedir='${localstatedir}/run'
sbindir='${exec_prefix}/sbin'
sharedstatedir='${prefix}/com'
sysconfdir='${prefix}/etc'
target='x86_64-pc-linux-gnu'
target_alias=''
target_cpu='x86_64'
target_os='linux-gnu'
target_vendor='pc'
toolexecdir=''
toolexeclibdir=''

## ----------- ##
## confdefs.h. ##
## ----------- ##

/* confdefs.h */
#define PACKAGE_NAME "Cilk Runtime"
#define PACKAGE_TARNAME "cilk-runtime"
#define PACKAGE_VERSION "2.0"
#define PACKAGE_STRING "Cilk Runtime 2.0"
#define PACKAGE_BUGREPORT "cilk@intel.com"
#define PACKAGE_URL ""
#define STDC_HEADERS 1
#define HAVE_SYS_TYPES_H 1
#define HAVE_SYS_STAT_H 1
#define HAVE_STDLIB_H 1
#define HAVE_STRING_H 1
#define HAVE_MEMORY_H 1
#define HAVE_STRINGS_H 1
#define HAVE_INTTYPES_H 1
#define HAVE_STDINT_H 1
#define HAVE_UNISTD_H 1
#define __EXTENSIONS__ 1
#define _ALL_SOURCE 1
#define _GNU_SOURCE 1
#define _POSIX_PTHREAD_SEMANTICS 1
#define _TANDEM_SOURCE 1
#define HAVE_ALLOCA_H 1
#define HAVE_ALLOCA 1
#define HAVE_DLFCN_H 1
#define LT_OBJDIR ".libs/"
#define HAVE_ATTRIBUTE_VISIBILITY 1
#define HAVE_PTHREAD_AFFINITY_NP 1

configure: exit 0
